{
  "stats": {
    "suites": 9,
    "tests": 5,
    "passes": 4,
    "pending": 0,
    "failures": 1,
    "start": "<START>",
    "end": "<END>",
    "duration": "<DURATION>",
    "testsRegistered": 5,
    "passPercent": 80,
    "pendingPercent": 0,
    "other": 0,
    "hasOther": false,
    "skipped": 0,
    "hasSkipped": false
  },
  "results": [
    {
      "uuid": "<UUID-0>",
      "title": "",
      "fullFile": "",
      "file": "",
      "beforeHooks": [],
      "afterHooks": [],
      "tests": [],
      "suites": [
        {
          "uuid": "<UUID-1>",
          "title": "test/test1.js",
          "fullFile": "test/test1.js",
          "file": "test/test1.js",
          "beforeHooks": [],
          "afterHooks": [],
          "tests": [],
          "suites": [
            {
              "uuid": "<UUID-2>",
              "title": "this",
              "fullFile": "",
              "file": "",
              "beforeHooks": [],
              "afterHooks": [],
              "tests": [],
              "suites": [
                {
                  "uuid": "<UUID-3>",
                  "title": "is",
                  "fullFile": "",
                  "file": "",
                  "beforeHooks": [],
                  "afterHooks": [],
                  "tests": [
                    {
                      "title": "a",
                      "fullTitle": "test/test1.js this is a",
                      "timedOut": false,
                      "duration": null,
                      "state": "passed",
                      "speed": "fast",
                      "pass": true,
                      "fail": false,
                      "pending": false,
                      "context": null,
                      "code": "",
                      "err": {},
                      "uuid": "<UUID-4>",
                      "parentUUID": "<UUID-3>",
                      "isHook": false,
                      "skipped": false
                    },
                    {
                      "title": "expect truthy value",
                      "fullTitle": "test/test1.js this is expect truthy value",
                      "timedOut": false,
                      "duration": null,
                      "state": "passed",
                      "speed": "fast",
                      "pass": true,
                      "fail": false,
                      "pending": false,
                      "context": null,
                      "code": "",
                      "err": {},
                      "uuid": "<UUID-5>",
                      "parentUUID": "<UUID-3>",
                      "isHook": false,
                      "skipped": false
                    }
                  ],
                  "suites": [],
                  "passes": [
                    "<UUID-4>",
                    "<UUID-5>"
                  ],
                  "failures": [],
                  "pending": [],
                  "skipped": [],
                  "duration": null,
                  "root": false,
                  "rootEmpty": false,
                  "_timeout": 2000
                },
                {
                  "uuid": "<UUID-6>",
                  "title": "this",
                  "fullFile": "",
                  "file": "",
                  "beforeHooks": [],
                  "afterHooks": [],
                  "tests": [
                    {
                      "title": "is",
                      "fullTitle": "test/test1.js this this is",
                      "timedOut": false,
                      "duration": null,
                      "state": "passed",
                      "speed": "fast",
                      "pass": true,
                      "fail": false,
                      "pending": false,
                      "context": null,
                      "code": "",
                      "err": {},
                      "uuid": "<UUID-7>",
                      "parentUUID": "<UUID-6>",
                      "isHook": false,
                      "skipped": false
                    }
                  ],
                  "suites": [],
                  "passes": [
                    "<UUID-7>"
                  ],
                  "failures": [],
                  "pending": [],
                  "skipped": [],
                  "duration": null,
                  "root": false,
                  "rootEmpty": false,
                  "_timeout": 2000
                }
              ],
              "passes": [],
              "failures": [],
              "pending": [],
              "skipped": [],
              "duration": null,
              "root": false,
              "rootEmpty": false,
              "_timeout": 2000
            },
            {
              "uuid": "<UUID-8>",
              "title": "only",
              "fullFile": "",
              "file": "",
              "beforeHooks": [],
              "afterHooks": [],
              "tests": [],
              "suites": [
                {
                  "uuid": "<UUID-9>",
                  "title": "a",
                  "fullFile": "",
                  "file": "",
                  "beforeHooks": [],
                  "afterHooks": [],
                  "tests": [
                    {
                      "title": "test",
                      "fullTitle": "test/test1.js only a test",
                      "timedOut": false,
                      "duration": null,
                      "state": "passed",
                      "speed": "fast",
                      "pass": true,
                      "fail": false,
                      "pending": false,
                      "context": null,
                      "code": "",
                      "err": {},
                      "uuid": "<UUID-10>",
                      "parentUUID": "<UUID-9>",
                      "isHook": false,
                      "skipped": false
                    }
                  ],
                  "suites": [],
                  "passes": [
                    "<UUID-10>"
                  ],
                  "failures": [],
                  "pending": [],
                  "skipped": [],
                  "duration": null,
                  "root": false,
                  "rootEmpty": false,
                  "_timeout": 2000
                }
              ],
              "passes": [],
              "failures": [],
              "pending": [],
              "skipped": [],
              "duration": null,
              "root": false,
              "rootEmpty": false,
              "_timeout": 2000
            }
          ],
          "passes": [],
          "failures": [],
          "pending": [],
          "skipped": [],
          "duration": null,
          "root": false,
          "rootEmpty": false,
          "_timeout": 2000
        },
        {
          "uuid": "<UUID-11>",
          "title": "test/test2.js",
          "fullFile": "test/test2.js",
          "file": "test/test2.js",
          "beforeHooks": [],
          "afterHooks": [],
          "tests": [],
          "suites": [
            {
              "uuid": "<UUID-12>",
              "title": "and",
              "fullFile": "",
              "file": "",
              "beforeHooks": [],
              "afterHooks": [],
              "tests": [],
              "suites": [
                {
                  "uuid": "<UUID-13>",
                  "title": "failed",
                  "fullFile": "",
                  "file": "",
                  "beforeHooks": [],
                  "afterHooks": [],
                  "tests": [
                    {
                      "title": "this is an error",
                      "fullTitle": "test/test2.js and failed this is an error",
                      "timedOut": false,
                      "duration": null,
                      "state": "failed",
                      "pass": false,
                      "fail": true,
                      "pending": false,
                      "context": null,
                      "code": "tap.test('failed', tap => {\n  tap.fail('this is an error')\n--------^\n  tap.end()\n})",
                      "err": {
                        "message": "this is an error",
                        "stack": "Error: this is an error\n    at Test.<anonymous> (test/test2.js:4:9)\n    at Test.<anonymous> (test/test2.js:3:7)\n    at Object.<anonymous> (test/test2.js:2:5)"
                      },
                      "uuid": "<UUID-14>",
                      "parentUUID": "<UUID-13>",
                      "isHook": false,
                      "skipped": false
                    }
                  ],
                  "suites": [],
                  "passes": [],
                  "failures": [
                    "<UUID-14>"
                  ],
                  "pending": [],
                  "skipped": [],
                  "duration": null,
                  "root": false,
                  "rootEmpty": false,
                  "_timeout": 2000
                }
              ],
              "passes": [],
              "failures": [],
              "pending": [],
              "skipped": [],
              "duration": null,
              "root": false,
              "rootEmpty": false,
              "_timeout": 2000
            }
          ],
          "passes": [],
          "failures": [],
          "pending": [],
          "skipped": [],
          "duration": null,
          "root": false,
          "rootEmpty": false,
          "_timeout": 2000
        }
      ],
      "passes": [],
      "failures": [],
      "pending": [],
      "skipped": [],
      "duration": 0,
      "root": true,
      "rootEmpty": true,
      "_timeout": 2000
    }
  ],
  "meta": {
    "mocha": {
      "version": "7.1.0"
    },
    "mochawesome": {
      "options": {
        "quiet": false,
        "reportFilename": "mochawesome",
        "saveHtml": true,
        "saveJson": true,
        "consoleReporter": "spec",
        "useInlineDiffs": false,
        "code": true
      },
      "version": "5.0.0"
    },
    "marge": {
      "options": {},
      "version": "4.1.0"
    }
  }
}
